android/build/intermediates/manifest_merge_blame_file/debug/manifest-merger-blame-debug-report.txt
1<?xml version="1.0" encoding="utf-8"?>
2<manifest xmlns:android="http://schemas.android.com/apk/res/android"
3    package="com.reactlibrary" >
4
5    <uses-sdk android:minSdkVersion="16" />
5-->src\main\AndroidManifest.xml
6
7    <uses-permission android:name="android.permission.WAKE_LOCK" />
7-->src\main\AndroidManifest.xml:4:5-68
7-->src\main\AndroidManifest.xml:4:22-65
8    <uses-permission android:name="android.permission.DISABLE_KEYGUARD" />
8-->src\main\AndroidManifest.xml:5:5-75
8-->src\main\AndroidManifest.xml:5:22-72
9
10</manifest>